0 info it worked if it ends with ok
1 verbose cli [ 'C:\\Program Files\\nodejs\\node.exe',
1 verbose cli   'C:\\Program Files\\nodejs\\node_modules\\npm\\bin\\npm-cli.js',
1 verbose cli   'unpublish',
1 verbose cli   '--force',
1 verbose cli   'jonkee.la' ]
2 info using npm@3.10.10
3 info using node@v6.10.1
4 warn using --force I sure hope you know what you are doing.
5 silly unpublish args[0] jonkee.la
6 silly unpublish thing Result {
6 silly unpublish   raw: 'jonkee.la',
6 silly unpublish   scope: null,
6 silly unpublish   escapedName: 'jonkee.la',
6 silly unpublish   name: 'jonkee.la',
6 silly unpublish   rawSpec: '',
6 silly unpublish   spec: 'latest',
6 silly unpublish   type: 'tag' }
7 verbose getPublishConfig null
8 silly ls normalized jonkee.la
9 silly gentlyRm C:\Users\ddg\AppData\Roaming\npm-cache\jonkee.la is being purged
10 verbose gentlyRm don't care about contents; nuking C:\Users\ddg\AppData\Roaming\npm-cache\jonkee.la
11 silly vacuum-fs purging C:\Users\ddg\AppData\Roaming\npm-cache\jonkee.la
12 silly vacuum-fs quitting because other entries in C:\Users\ddg\AppData\Roaming\npm-cache
13 silly mapToRegistry name jonkee.la
14 silly mapToRegistry using default registry
15 silly mapToRegistry registry https://registry.npmjs.org/
16 silly mapToRegistry data Result {
16 silly mapToRegistry   raw: 'jonkee.la',
16 silly mapToRegistry   scope: null,
16 silly mapToRegistry   escapedName: 'jonkee.la',
16 silly mapToRegistry   name: 'jonkee.la',
16 silly mapToRegistry   rawSpec: '',
16 silly mapToRegistry   spec: 'latest',
16 silly mapToRegistry   type: 'tag' }
17 silly mapToRegistry uri https://registry.npmjs.org/jonkee.la
18 verbose get GET as part of write; not caching result
19 verbose request uri https://registry.npmjs.org/jonkee.la?write=true
20 verbose request no auth needed
21 info attempt registry request try #1 at 10:23:54
22 verbose request using bearer token for auth
23 verbose request id 3fbe10c847bbcc52
24 http request GET https://registry.npmjs.org/jonkee.la?write=true
25 http 200 https://registry.npmjs.org/jonkee.la?write=true
26 verbose headers { server: 'CouchDB/1.5.0 (Erlang OTP/R16B03)',
26 verbose headers   'content-type': 'application/json',
26 verbose headers   etag: '"59716386-6ac"',
26 verbose headers   'content-encoding': 'gzip',
26 verbose headers   'cache-control': 'max-age=0',
26 verbose headers   'transfer-encoding': 'chunked',
26 verbose headers   'accept-ranges': 'bytes',
26 verbose headers   date: 'Fri, 21 Jul 2017 02:24:04 GMT',
26 verbose headers   via: '1.1 varnish',
26 verbose headers   connection: 'keep-alive',
26 verbose headers   'x-served-by': 'cache-sin18027-SIN',
26 verbose headers   'x-cache': 'MISS',
26 verbose headers   'x-cache-hits': '0',
26 verbose headers   'x-timer': 'S1500603844.923083,VS0,VE854',
26 verbose headers   vary: 'Accept-Encoding' }
27 silly get cb [ 200,
27 silly get   { server: 'CouchDB/1.5.0 (Erlang OTP/R16B03)',
27 silly get     'content-type': 'application/json',
27 silly get     etag: '"59716386-6ac"',
27 silly get     'content-encoding': 'gzip',
27 silly get     'cache-control': 'max-age=0',
27 silly get     'transfer-encoding': 'chunked',
27 silly get     'accept-ranges': 'bytes',
27 silly get     date: 'Fri, 21 Jul 2017 02:24:04 GMT',
27 silly get     via: '1.1 varnish',
27 silly get     connection: 'keep-alive',
27 silly get     'x-served-by': 'cache-sin18027-SIN',
27 silly get     'x-cache': 'MISS',
27 silly get     'x-cache-hits': '0',
27 silly get     'x-timer': 'S1500603844.923083,VS0,VE854',
27 silly get     vary: 'Accept-Encoding' } ]
28 verbose get saving jonkee.la to C:\Users\ddg\AppData\Roaming\npm-cache\registry.npmjs.org\jonkee.la_3Fwrite_3Dtrue\.cache.json
29 verbose correctMkdir C:\Users\ddg\AppData\Roaming\npm-cache correctMkdir not in flight; initializing
30 info unpublish No version specified, removing all
31 verbose request uri https://registry.npmjs.org/jonkee.la/-rev/1-8f86fcfd3376f5eb6d97c9c165b4c3d4
32 verbose request sending authorization for write operation
33 info attempt registry request try #1 at 10:23:55
34 verbose request using bearer token for auth
35 http request DELETE https://registry.npmjs.org/jonkee.la/-rev/1-8f86fcfd3376f5eb6d97c9c165b4c3d4
36 http 503 https://registry.npmjs.org/jonkee.la/-rev/1-8f86fcfd3376f5eb6d97c9c165b4c3d4
37 verbose bad json <?xml version="1.0" encoding="utf-8"?>
37 verbose bad json <!DOCTYPE html PUBLIC "-//W3C//DTD XHTML 1.0 Strict//EN"
37 verbose bad json  "http://www.w3.org/TR/xhtml1/DTD/xhtml1-strict.dtd">
37 verbose bad json <html>
37 verbose bad json   <head>
37 verbose bad json     <title>503 first byte timeout</title>
37 verbose bad json   </head>
37 verbose bad json   <body>
37 verbose bad json     <h1>Error 503 first byte timeout</h1>
37 verbose bad json     <p>first byte timeout</p>
37 verbose bad json     <h3>Guru Mediation:</h3>
37 verbose bad json     <p>Details: cache-sin18027-SIN 1500603876 3498523686</p>
37 verbose bad json     <hr>
37 verbose bad json     <p>Varnish cache server</p>
37 verbose bad json   </body>
37 verbose bad json </html>
38 error registry error parsing json
39 verbose headers { server: 'Varnish',
39 verbose headers   'retry-after': '0',
39 verbose headers   'content-type': 'text/html; charset=utf-8',
39 verbose headers   'content-length': '449',
39 verbose headers   'accept-ranges': 'bytes',
39 verbose headers   date: 'Fri, 21 Jul 2017 02:24:35 GMT',
39 verbose headers   via: '1.1 varnish',
39 verbose headers   connection: 'close',
39 verbose headers   'x-served-by': 'cache-sin18027-SIN',
39 verbose headers   'x-cache': 'MISS',
39 verbose headers   'x-cache-hits': '0',
39 verbose headers   'x-timer': 'S1500603845.812861,VS0,VE30693' }
40 info retry will retry, error on last attempt: SyntaxError: Unexpected token < in JSON at position 1
40 info retry
40 info retry <?xml version="1.0" encoding="utf-8"?>
40 info retry <!DOCTYPE html PUBLIC "-//W3C//DTD XHTML 1.0 Strict//EN"
40 info retry  "http://www.w3.org/TR/xhtml1/DTD/xhtml1-strict.dtd">
40 info retry <html>
40 info retry   <head>
40 info retry     <title>503 first byte timeout</title>
40 info retry   </head>
40 info retry   <body>
40 info retry     <h1>Error 503 first byte timeout</h1>
40 info retry     <p>first byte timeout</p>
40 info retry     <h3>Guru Mediation:</h3>
40 info retry     <p>Details: cache-sin18027-SIN 1500603876 3498523686</p>
40 info retry     <hr>
40 info retry     <p>Varnish cache server</p>
40 info retry   </body>
40 info retry </html>
41 info attempt registry request try #2 at 10:24:35
42 verbose request using bearer token for auth
43 http request DELETE https://registry.npmjs.org/jonkee.la/-rev/1-8f86fcfd3376f5eb6d97c9c165b4c3d4
44 http 403 https://registry.npmjs.org/jonkee.la/-rev/1-8f86fcfd3376f5eb6d97c9c165b4c3d4
45 verbose headers { 'content-type': 'application/json',
45 verbose headers   'cache-control': 'max-age=300',
45 verbose headers   'content-length': '103',
45 verbose headers   'accept-ranges': 'bytes',
45 verbose headers   date: 'Fri, 21 Jul 2017 02:24:46 GMT',
45 verbose headers   via: '1.1 varnish',
45 verbose headers   connection: 'keep-alive',
45 verbose headers   'x-served-by': 'cache-sin18027-SIN',
45 verbose headers   'x-cache': 'MISS',
45 verbose headers   'x-cache-hits': '0',
45 verbose headers   'x-timer': 'S1500603886.571674,VS0,VE914',
45 verbose headers   vary: 'Accept-Encoding, Accept' }
46 verbose request invalidating C:\Users\ddg\AppData\Roaming\npm-cache\registry.npmjs.org\jonkee.la on DELETE
47 verbose stack Error: you do not have permission to publish "jonkee.la". Are you logged in as the correct user? : jonkee.la
47 verbose stack     at makeError (C:\Program Files\nodejs\node_modules\npm\node_modules\npm-registry-client\lib\request.js:302:12)
47 verbose stack     at CachingRegistryClient.<anonymous> (C:\Program Files\nodejs\node_modules\npm\node_modules\npm-registry-client\lib\request.js:290:14)
47 verbose stack     at Request._callback (C:\Program Files\nodejs\node_modules\npm\node_modules\npm-registry-client\lib\request.js:210:14)
47 verbose stack     at Request.self.callback (C:\Program Files\nodejs\node_modules\npm\node_modules\request\request.js:187:22)
47 verbose stack     at emitTwo (events.js:106:13)
47 verbose stack     at Request.emit (events.js:191:7)
47 verbose stack     at Request.<anonymous> (C:\Program Files\nodejs\node_modules\npm\node_modules\request\request.js:1048:10)
47 verbose stack     at emitOne (events.js:96:13)
47 verbose stack     at Request.emit (events.js:188:7)
47 verbose stack     at IncomingMessage.<anonymous> (C:\Program Files\nodejs\node_modules\npm\node_modules\request\request.js:969:12)
48 verbose statusCode 403
49 verbose pkgid jonkee.la
50 verbose cwd C:\Users\ddg\Desktop\48583\hakim
51 error Windows_NT 10.0.14393
52 error argv "C:\\Program Files\\nodejs\\node.exe" "C:\\Program Files\\nodejs\\node_modules\\npm\\bin\\npm-cli.js" "unpublish" "--force" "jonkee.la"
53 error node v6.10.1
54 error npm  v3.10.10
55 error code E403
56 error you do not have permission to publish "jonkee.la". Are you logged in as the correct user? : jonkee.la
57 error If you need help, you may report this error at:
57 error     <https://github.com/npm/npm/issues>
58 verbose exit [ 1, true ]
