17:04:14.924 INFO - Selenium build info: version: '3.6.0', revision: '6fbf3ec767'
17:04:14.924 INFO - Launching a standalone Selenium Server
2017-10-21 17:04:14.939:INFO::main: Logging initialized @194ms to org.seleniumhq.jetty9.util.log.StdErrLog
17:04:14.970 INFO - Driver class not found: com.opera.core.systems.OperaDriver
17:04:14.986 INFO - Driver provider class org.openqa.selenium.safari.SafariDriver registration is skipped:
 registration capabilities Capabilities [{browserName=safari, version=, platform=MAC}] does not match the current platform VISTA
17:04:15.002 INFO - Using the passthrough mode handler
2017-10-21 17:04:15.017:INFO:osjs.Server:main: jetty-9.4.5.v20170502
2017-10-21 17:04:15.033:WARN:osjs.SecurityHandler:main: ServletContext@o.s.j.s.ServletContextHandler@731a74c{/,null,STARTING} has uncovered http methods for path: /
2017-10-21 17:04:15.033:INFO:osjsh.ContextHandler:main: Started o.s.j.s.ServletContextHandler@731a74c{/,null,AVAILABLE}
2017-10-21 17:04:15.111:INFO:osjs.AbstractConnector:main: Started ServerConnector@167fdd33{HTTP/1.1,[http/1.1]}{0.0.0.0:4444}
2017-10-21 17:04:15.111:INFO:osjs.Server:main: Started @364ms
17:04:15.111 INFO - Selenium Server is up and running
2017-10-21 17:04:15.247:INFO:osjshC.ROOT:qtp1617791695-12: org.openqa.selenium.remote.server.WebDriverServlet-5e5792a0: Initialising WebDriverServlet
17:04:15.262 INFO - Binding default provider to: org.openqa.selenium.chrome.ChromeDriverService
17:04:15.262 INFO - Found handler: org.openqa.selenium.remote.server.commandhandler.BeginSession@540da5d
17:04:15.262 INFO - /session: Executing POST on /session (handler: BeginSession)
17:04:15.294 INFO - Capabilities are: Capabilities {acceptSslCerts=true, marionette=true, name=Robot, browserName=chrome, javascriptEnabled=true, platformName=ANY, platform=ANY, }
17:04:15.294 INFO - Capabilities {acceptSslCerts=true, marionette=true, name=Robot, browserName=chrome, javascriptEnabled=true, platformName=ANY, platform=ANY, } matched class org.openqa.selenium.remote.server.ServicedSession$Factory (provider: org.openqa.selenium.chrome.ChromeDriverService)
17:04:15.294 INFO - Capabilities {acceptSslCerts=true, marionette=true, name=Robot, browserName=chrome, javascriptEnabled=true, platformName=ANY, platform=ANY, } matched class org.openqa.selenium.remote.server.ServicedSession$Factory (provider: org.openqa.selenium.chrome.ChromeDriverService)
Starting ChromeDriver 2.33.506120 (e3e53437346286c0bc2d2dc9aa4915ba81d9023f) on port 8944
Only local connections are allowed.
17:04:19.667 INFO - Found handler: org.openqa.selenium.remote.server.ServicedSession@7111178
17:04:19.668 INFO - Handler thread for session 2f2240d75fd6eedb6d577e1b14a68bfa (chrome): Executing POST on /session/2f2240d75fd6eedb6d577e1b14a68bfa/url (handler: ServicedSession)
17:04:19.668 INFO - To upstream: {"url":"http://www.google.com"}
17:04:22.416 INFO - To downstream: {"sessionId":"2f2240d75fd6eedb6d577e1b14a68bfa","status":0,"value":null}
17:04:22.420 INFO - Found handler: org.openqa.selenium.remote.server.ServicedSession@7111178
17:04:22.420 INFO - Handler thread for session 2f2240d75fd6eedb6d577e1b14a68bfa (chrome): Executing POST on /session/2f2240d75fd6eedb6d577e1b14a68bfa/window/current/maximize (handler: ServicedSession)
17:04:22.421 INFO - To upstream: 
17:04:23.534 INFO - To downstream: {"sessionId":"2f2240d75fd6eedb6d577e1b14a68bfa","status":0,"value":null}
17:04:23.540 INFO - Found handler: org.openqa.selenium.remote.server.ServicedSession@7111178
17:04:23.540 INFO - Handler thread for session 2f2240d75fd6eedb6d577e1b14a68bfa (chrome): Executing POST on /session/2f2240d75fd6eedb6d577e1b14a68bfa/elements (handler: ServicedSession)
17:04:23.541 INFO - To upstream: {"using":"css selector","value":"body"}
17:04:23.555 INFO - To downstream: {"sessionId":"2f2240d75fd6eedb6d577e1b14a68bfa","status":0,"value":[{"ELEMENT":"0.05159184906951242-1"}]}
17:04:23.558 INFO - Found handler: org.openqa.selenium.remote.server.ServicedSession@7111178
17:04:23.558 INFO - Handler thread for session 2f2240d75fd6eedb6d577e1b14a68bfa (chrome): Executing GET on /session/2f2240d75fd6eedb6d577e1b14a68bfa/element/0.05159184906951242-1/displayed (handler: ServicedSession)
17:04:23.570 INFO - To downstream: {"sessionId":"2f2240d75fd6eedb6d577e1b14a68bfa","status":0,"value":true}
17:04:23.573 INFO - Found handler: org.openqa.selenium.remote.server.ServicedSession@7111178
17:04:23.573 INFO - Handler thread for session 2f2240d75fd6eedb6d577e1b14a68bfa (chrome): Executing POST on /session/2f2240d75fd6eedb6d577e1b14a68bfa/element (handler: ServicedSession)
17:04:23.574 INFO - To upstream: {"using":"css selector","value":"input[type=text]"}
17:04:23.585 INFO - To downstream: {"sessionId":"2f2240d75fd6eedb6d577e1b14a68bfa","status":0,"value":{"ELEMENT":"0.05159184906951242-2"}}
17:04:23.587 INFO - Found handler: org.openqa.selenium.remote.server.ServicedSession@7111178
17:04:23.588 INFO - Handler thread for session 2f2240d75fd6eedb6d577e1b14a68bfa (chrome): Executing POST on /session/2f2240d75fd6eedb6d577e1b14a68bfa/element/0.05159184906951242-2/value (handler: ServicedSession)
17:04:23.588 INFO - To upstream: {"value":["\u7231","\u6c5f","\u5c71","\u66f4","\u7231","\u7f8e","\u4eba"]}
17:04:23.634 INFO - To downstream: {"sessionId":"2f2240d75fd6eedb6d577e1b14a68bfa","status":0,"value":null}
17:04:23.638 INFO - Found handler: org.openqa.selenium.remote.server.ServicedSession@7111178
17:04:23.638 INFO - Handler thread for session 2f2240d75fd6eedb6d577e1b14a68bfa (chrome): Executing POST on /session/2f2240d75fd6eedb6d577e1b14a68bfa/elements (handler: ServicedSession)
17:04:23.639 INFO - To upstream: {"using":"css selector","value":"input[type=\"submit\"]:nth-child(1)"}
17:04:23.654 INFO - To downstream: {"sessionId":"2f2240d75fd6eedb6d577e1b14a68bfa","status":0,"value":[{"ELEMENT":"0.05159184906951242-3"}]}
17:04:23.657 INFO - Found handler: org.openqa.selenium.remote.server.ServicedSession@7111178
17:04:23.657 INFO - Handler thread for session 2f2240d75fd6eedb6d577e1b14a68bfa (chrome): Executing GET on /session/2f2240d75fd6eedb6d577e1b14a68bfa/element/0.05159184906951242-3/displayed (handler: ServicedSession)
17:04:23.668 INFO - To downstream: {"sessionId":"2f2240d75fd6eedb6d577e1b14a68bfa","status":0,"value":true}
17:04:23.670 INFO - Found handler: org.openqa.selenium.remote.server.ServicedSession@7111178
17:04:23.671 INFO - Handler thread for session 2f2240d75fd6eedb6d577e1b14a68bfa (chrome): Executing POST on /session/2f2240d75fd6eedb6d577e1b14a68bfa/element (handler: ServicedSession)
17:04:23.671 INFO - To upstream: {"using":"css selector","value":"input[type=\"submit\"]:nth-child(1)"}
17:04:23.683 INFO - To downstream: {"sessionId":"2f2240d75fd6eedb6d577e1b14a68bfa","status":0,"value":{"ELEMENT":"0.05159184906951242-3"}}
17:04:23.685 INFO - Found handler: org.openqa.selenium.remote.server.ServicedSession@7111178
17:04:23.685 INFO - Handler thread for session 2f2240d75fd6eedb6d577e1b14a68bfa (chrome): Executing POST on /session/2f2240d75fd6eedb6d577e1b14a68bfa/element/0.05159184906951242-3/click (handler: ServicedSession)
17:04:23.685 INFO - To upstream: 
17:04:24.390 INFO - To downstream: {"sessionId":"2f2240d75fd6eedb6d577e1b14a68bfa","status":0,"value":null}
17:04:26.397 INFO - Found handler: org.openqa.selenium.remote.server.ServicedSession@7111178
17:04:26.397 INFO - Handler thread for session 2f2240d75fd6eedb6d577e1b14a68bfa (chrome): Executing DELETE on /session/2f2240d75fd6eedb6d577e1b14a68bfa (handler: ServicedSession)
17:04:26.430 INFO - To downstream: {"sessionId":"2f2240d75fd6eedb6d577e1b14a68bfa","status":0,"value":null}
17:04:26.436 INFO - Removing session org.openqa.selenium.remote.server.ServicedSession@7111178
